JunoD6MidiController/app/build/intermediates/manifest_merge_blame_file/debug/manifest-merger-blame-debug-report.txt
1<?xml version="1.0" encoding="utf-8"?>
2<manifest xmlns:android="http://schemas.android.com/apk/res/android"
3    package="com.example.junod6midicontroller"
4    android:versionCode="1"
5    android:versionName="1.0" >
6
7    <uses-sdk
8        android:minSdkVersion="26"
9        android:targetSdkVersion="34" />
10
11    <uses-feature
11-->src/main/AndroidManifest.xml:4:5-6:36
12        android:name="android.hardware.usb.host"
12-->src/main/AndroidManifest.xml:5:9-49
13        android:required="false" />
13-->src/main/AndroidManifest.xml:6:9-33
14    <uses-feature
14-->src/main/AndroidManifest.xml:8:5-10:36
15        android:name="android.software.midi"
15-->src/main/AndroidManifest.xml:9:9-45
16        android:required="false" />
16-->src/main/AndroidManifest.xml:10:9-33
17
18    <application
18-->src/main/AndroidManifest.xml:12:5-31:19
19        android:allowBackup="true"
19-->src/main/AndroidManifest.xml:13:9-35
20        android:debuggable="true"
21        android:extractNativeLibs="false"
22        android:icon="@drawable/app_icon_source"
22-->src/main/AndroidManifest.xml:14:9-49
23        android:label="@string/app_name"
23-->src/main/AndroidManifest.xml:15:9-41
24        android:roundIcon="@drawable/app_icon_source"
24-->src/main/AndroidManifest.xml:16:9-54
25        android:supportsRtl="true"
25-->src/main/AndroidManifest.xml:17:9-35
26        android:theme="@style/AppTheme" >
26-->src/main/AndroidManifest.xml:18:9-40
27        <activity
27-->src/main/AndroidManifest.xml:20:9-29:20
28            android:name="com.example.junod6midicontroller.MainActivity"
28-->src/main/AndroidManifest.xml:21:13-41
29            android:exported="true" >
29-->src/main/AndroidManifest.xml:22:13-36
30            <intent-filter>
30-->src/main/AndroidManifest.xml:24:13-27:29
31                <action android:name="android.intent.action.MAIN" />
31-->src/main/AndroidManifest.xml:25:17-69
31-->src/main/AndroidManifest.xml:25:25-66
32
33                <category android:name="android.intent.category.LAUNCHER" />
33-->src/main/AndroidManifest.xml:26:17-77
33-->src/main/AndroidManifest.xml:26:27-74
34            </intent-filter>
35        </activity>
36    </application>
37
38</manifest>